{"C:\\Users\\Hello\\Documents\\yebragi\\yebragi-psychotherapics_web_platform\\src\\services\\payment.service.ts": {"path":"C:\\Users\\Hello\\Documents\\yebragi\\yebragi-psychotherapics_web_platform\\src\\services\\payment.service.ts","statementMap":{"0":{"start":{"line":1,"column":0},"end":{"line":1,"column":37}},"1":{"start":{"line":2,"column":0},"end":{"line":2,"column":47}},"2":{"start":{"line":3,"column":0},"end":{"line":3,"column":26}},"3":{"start":{"line":17,"column":18},"end":{"line":17,"column":40}},"4":{"start":{"line":20,"column":20},"end":{"line":27,"column":6}},"5":{"start":{"line":31,"column":4},"end":{"line":57,"column":5}},"6":{"start":{"line":33,"column":6},"end":{"line":33,"column":57}},"7":{"start":{"line":36,"column":23},"end":{"line":53,"column":null}},"8":{"start":{"line":56,"column":6},"end":{"line":56,"column":52}},"9":{"start":{"line":59,"column":4},"end":{"line":59,"column":36}},"10":{"start":{"line":67,"column":21},"end":{"line":73,"column":null}},"11":{"start":{"line":76,"column":19},"end":{"line":76,"column":44}},"12":{"start":{"line":79,"column":4},"end":{"line":82,"column":7}},"13":{"start":{"line":84,"column":4},"end":{"line":84,"column":18}},"14":{"start":{"line":5,"column":0},"end":{"line":5,"column":13}},"15":{"start":{"line":88,"column":13},"end":{"line":88,"column":51}}},"fnMap":{"0":{"name":"(anonymous_1)","decl":{"start":{"line":12,"column":2},"end":{"line":12,"column":7}},"loc":{"start":{"line":15,"column":20},"end":{"line":60,"column":3}}},"1":{"name":"(anonymous_2)","decl":{"start":{"line":66,"column":2},"end":{"line":66,"column":7}},"loc":{"start":{"line":66,"column":35},"end":{"line":85,"column":3}}}},"branchMap":{"0":{"loc":{"start":{"line":15,"column":4},"end":{"line":15,"column":20}},"type":"default-arg","locations":[{"start":{"line":15,"column":16},"end":{"line":15,"column":20}}]},"1":{"loc":{"start":{"line":31,"column":4},"end":{"line":57,"column":5}},"type":"if","locations":[{"start":{"line":31,"column":4},"end":{"line":57,"column":5}},{"start":{"line":34,"column":11},"end":{"line":57,"column":5}}]},"2":{"loc":{"start":{"line":46,"column":22},"end":{"line":46,"column":96}},"type":"binary-expr","locations":[{"start":{"line":46,"column":22},"end":{"line":46,"column":53}},{"start":{"line":46,"column":57},"end":{"line":46,"column":96}}]}},"s":{"0":1,"1":1,"2":1,"3":2,"4":2,"5":2,"6":1,"7":1,"8":1,"9":2,"10":1,"11":1,"12":1,"13":1,"14":1,"15":1},"f":{"0":2,"1":1},"b":{"0":[0],"1":[1,1],"2":[1,1]}}
,"C:\\Users\\Hello\\Documents\\yebragi\\yebragi-psychotherapics_web_platform\\src\\utils\\txRef.ts": {"path":"C:\\Users\\Hello\\Documents\\yebragi\\yebragi-psychotherapics_web_platform\\src\\utils\\txRef.ts","statementMap":{"0":{"start":{"line":1,"column":0},"end":{"line":1,"column":16}},"1":{"start":{"line":2,"column":2},"end":{"line":2,"column":35}}},"fnMap":{"0":{"name":"generateTxRef","decl":{"start":{"line":1,"column":16},"end":{"line":1,"column":29}},"loc":{"start":{"line":1,"column":51},"end":{"line":3,"column":1}}}},"branchMap":{"0":{"loc":{"start":{"line":1,"column":30},"end":{"line":1,"column":51}},"type":"default-arg","locations":[{"start":{"line":1,"column":47},"end":{"line":1,"column":51}}]}},"s":{"0":1,"1":2},"f":{"0":2},"b":{"0":[0]}}
}
