TN:
SF:src\services\auth.service.ts
FN:6,(anonymous_1)
FN:20,(anonymous_2)
FN:42,(anonymous_3)
FNF:3
FNH:3
FNDA:1,(anonymous_1)
FNDA:2,(anonymous_2)
FNDA:2,(anonymous_3)
DA:1,1
DA:2,1
DA:3,1
DA:7,1
DA:9,1
DA:17,1
DA:21,2
DA:22,2
DA:24,1
DA:25,1
DA:27,1
DA:33,1
DA:39,1
DA:43,2
DA:44,2
DA:49,1
DA:55,1
DA:57,1
DA:62,1
LF:19
LH:19
BRDA:22,0,0,1
BRDA:22,0,1,1
BRDA:25,1,0,0
BRDA:25,1,1,1
BRDA:29,2,0,1
BRDA:29,2,1,1
BRDA:35,3,0,1
BRDA:35,3,1,1
BRDA:46,4,0,2
BRDA:46,4,1,2
BRDA:51,5,0,1
BRDA:51,5,1,1
BRF:12
BRH:11
end_of_record
