TN:
SF:src\services\payment.service.ts
FN:12,(anonymous_1)
FN:66,(anonymous_2)
FNF:2
FNH:2
FNDA:2,(anonymous_1)
FNDA:1,(anonymous_2)
DA:1,1
DA:2,1
DA:3,1
DA:5,1
DA:17,2
DA:20,2
DA:31,2
DA:33,1
DA:36,1
DA:56,1
DA:59,2
DA:67,1
DA:76,1
DA:79,1
DA:84,1
DA:88,1
LF:16
LH:16
BRDA:15,0,0,0
BRDA:31,1,0,1
BRDA:31,1,1,1
BRDA:46,2,0,1
BRDA:46,2,1,1
BRF:5
BRH:4
end_of_record
TN:
SF:src\utils\txRef.ts
FN:1,generateTxRef
FNF:1
FNH:1
FNDA:2,generateTxRef
DA:1,1
DA:2,2
LF:2
LH:2
BRDA:1,0,0,0
BRF:1
BRH:0
end_of_record
